2024-08-14 11:50:01,312 - 30160-MainThread - D:\bongbong sese\干活\玲玲\电玩城\大众点评\dianping_spider-master\main.py[line:53] - INFO: 爬取店铺id：k30YbaScPKFS0hfP评论
2024-08-14 11:51:49,539 - 30160-MainThread - D:\bongbong sese\干活\玲玲\电玩城\大众点评\dianping_spider-master\utils\get_font_map.py[line:360] - WARNING: cookie失效或者被限制访问，更新cookie或登录大众点评滑动验证
2024-08-14 16:17:25,650 - 23268-MainThread - D:\bongbong sese\干活\玲玲\电玩城\大众点评\dianping_spider-master\main.py[line:53] - INFO: 爬取店铺id：G7yoIEgs1f6TE2Ji评论
2024-08-14 16:27:09,771 - 9496-MainThread - D:\bongbong sese\干活\玲玲\电玩城\大众点评\dianping_spider-master\main.py[line:53] - INFO: 爬取店铺id：G7yoIEgs1f6TE2Ji评论
2024-08-14 16:41:25,430 - 12564-MainThread - D:\bongbong sese\干活\玲玲\电玩城\大众点评\dianping_spider-master\main.py[line:53] - INFO: 爬取店铺id：G7yoIEgs1f6TE2Ji评论
2024-08-14 16:47:17,396 - 30428-MainThread - D:\bongbong sese\干活\玲玲\电玩城\大众点评\dianping_spider-master\main.py[line:53] - INFO: 爬取店铺id：G7yoIEgs1f6TE2Ji评论
2024-08-14 17:01:51,570 - 30732-MainThread - D:\bongbong sese\干活\玲玲\电玩城\大众点评\dianping_spider-master\main.py[line:53] - INFO: 爬取店铺id：G7yoIEgs1f6TE2Ji评论
2024-08-14 17:07:59,947 - 27196-MainThread - D:\bongbong sese\干活\玲玲\电玩城\大众点评\dianping_spider-master\main.py[line:53] - INFO: 爬取店铺id：G7yoIEgs1f6TE2Ji评论
2024-08-14 17:08:33,770 - 7788-MainThread - D:\bongbong sese\干活\玲玲\电玩城\大众点评\dianping_spider-master\main.py[line:53] - INFO: 爬取店铺id：G7yoIEgs1f6TE2Ji评论
2024-08-14 17:13:54,587 - 27760-MainThread - D:\bongbong sese\干活\玲玲\电玩城\大众点评\dianping_spider-master\main.py[line:53] - INFO: 爬取店铺id：G4TFU507X7tfV34H评论
2024-08-14 17:16:03,665 - 18936-MainThread - D:\bongbong sese\干活\玲玲\电玩城\大众点评\dianping_spider-master\main.py[line:53] - INFO: 爬取店铺id：G4TFU507X7tfV34H评论
2024-08-14 17:25:10,460 - 30508-MainThread - D:\bongbong sese\干活\玲玲\电玩城\大众点评\dianping_spider-master\main.py[line:53] - INFO: 爬取店铺id：G4TFU507X7tfV34H评论
2024-08-14 17:30:15,383 - 31256-MainThread - D:\bongbong sese\干活\玲玲\电玩城\大众点评\dianping_spider-master\main.py[line:53] - INFO: 爬取店铺id：G4TFU507X7tfV34H评论
2024-08-14 17:34:29,124 - 29992-MainThread - D:\bongbong sese\干活\玲玲\电玩城\大众点评\dianping_spider-master\main.py[line:53] - INFO: 爬取店铺id：G7yoIEgs1f6TE2Ji评论
2024-08-20 19:00:34,782 - 38124-MainThread - D:\bongbong sese\干活\玲玲\电玩城\大众点评\dianping_spider-master\main.py[line:53] - INFO: 爬取店铺id：G7yoIEgs1f6TE2Ji评论
2024-08-20 21:07:44,229 - 16056-MainThread - D:\bongbong sese\干活\玲玲\电玩城\大众点评\dianping_spider-master\main.py[line:64] - INFO: 爬取店铺id：k30YbaScPKFS0hfP评论
2024-08-20 21:28:32,765 - 39192-MainThread - D:\bongbong sese\干活\玲玲\电玩城\大众点评\dianping_spider-master\main.py[line:64] - INFO: 爬取店铺id：k30YbaScPKFS0hfP评论
2024-08-20 21:47:52,485 - 40508-MainThread - D:\bongbong sese\干活\玲玲\电玩城\大众点评\dianping_spider-master\main.py[line:64] - INFO: 爬取店铺id：k30YbaScPKFS0hfP评论
2024-08-20 21:57:00,584 - 33000-MainThread - D:\bongbong sese\干活\玲玲\电玩城\大众点评\dianping_spider-master\main.py[line:64] - INFO: 爬取店铺id：k30YbaScPKFS0hfP评论
2024-08-20 21:57:17,779 - 33000-MainThread - D:\bongbong sese\干活\玲玲\电玩城\大众点评\dianping_spider-master\main.py[line:64] - INFO: 爬取店铺id：k30YbaScPKFS0hfP评论
2024-08-20 21:59:22,234 - 24192-MainThread - D:\bongbong sese\干活\玲玲\电玩城\大众点评\dianping_spider-master\utils\get_font_map.py[line:54] - WARNING: cookie失效或者被限制访问，更新cookie或登录大众点评滑动验证
2024-08-20 22:00:35,463 - 15736-MainThread - D:\bongbong sese\干活\玲玲\电玩城\大众点评\dianping_spider-master\utils\get_font_map.py[line:54] - WARNING: cookie失效或者被限制访问，更新cookie或登录大众点评滑动验证
2024-08-20 22:01:11,814 - 348-MainThread - D:\bongbong sese\干活\玲玲\电玩城\大众点评\dianping_spider-master\utils\get_font_map.py[line:54] - WARNING: cookie失效或者被限制访问，更新cookie或登录大众点评滑动验证
2024-08-20 22:09:27,581 - 26068-MainThread - D:\bongbong sese\干活\玲玲\电玩城\大众点评\dianping_spider-master\utils\get_font_map.py[line:54] - WARNING: cookie失效或者被限制访问，更新cookie或登录大众点评滑动验证
2024-08-20 22:24:05,638 - 40392-MainThread - D:\bongbong sese\干活\玲玲\电玩城\大众点评\dianping_spider-master\utils\spider_config.py[line:88] - WARNING: 开启了评论详情模式，会降低速度并增加反爬概率
2024-08-20 22:32:18,063 - 16320-MainThread - D:\bongbong sese\干活\玲玲\电玩城\大众点评\dianping_spider-master\utils\spider_config.py[line:88] - WARNING: 开启了评论详情模式，会降低速度并增加反爬概率
2024-08-20 22:37:21,882 - 35088-MainThread - D:\bongbong sese\干活\玲玲\电玩城\大众点评\dianping_spider-master\utils\spider_config.py[line:88] - WARNING: 开启了评论详情模式，会降低速度并增加反爬概率
2024-08-20 22:37:39,333 - 35088-MainThread - D:\bongbong sese\干活\玲玲\电玩城\大众点评\dianping_spider-master\utils\get_font_map.py[line:360] - WARNING: cookie失效或者被限制访问，更新cookie或登录大众点评滑动验证
2024-08-20 22:41:04,173 - 15292-MainThread - D:\bongbong sese\干活\玲玲\电玩城\大众点评\dianping_spider-master\utils\spider_config.py[line:88] - WARNING: 开启了评论详情模式，会降低速度并增加反爬概率
2024-08-20 22:42:36,288 - 15292-MainThread - D:\bongbong sese\干活\玲玲\电玩城\大众点评\dianping_spider-master\function\review.py[line:37] - WARNING: 评论页请求被ban，程序继续运行
2024-08-20 22:42:52,002 - 15292-MainThread - D:\bongbong sese\干活\玲玲\电玩城\大众点评\dianping_spider-master\utils\get_font_map.py[line:360] - WARNING: cookie失效或者被限制访问，更新cookie或登录大众点评滑动验证
2024-08-20 22:46:28,272 - 22912-MainThread - D:\bongbong sese\干活\玲玲\电玩城\大众点评\dianping_spider-master\utils\spider_config.py[line:88] - WARNING: 开启了评论详情模式，会降低速度并增加反爬概率
2024-08-20 22:47:26,587 - 23616-MainThread - D:\bongbong sese\干活\玲玲\电玩城\大众点评\dianping_spider-master\utils\spider_config.py[line:88] - WARNING: 开启了评论详情模式，会降低速度并增加反爬概率
2024-08-20 22:47:37,465 - 23616-MainThread - D:\bongbong sese\干活\玲玲\电玩城\大众点评\dianping_spider-master\function\review.py[line:37] - WARNING: 评论页请求被ban，程序继续运行
2024-08-20 22:47:46,122 - 23616-MainThread - D:\bongbong sese\干活\玲玲\电玩城\大众点评\dianping_spider-master\function\review.py[line:37] - WARNING: 评论页请求被ban，程序继续运行
2024-08-20 22:47:59,465 - 23616-MainThread - D:\bongbong sese\干活\玲玲\电玩城\大众点评\dianping_spider-master\function\review.py[line:37] - WARNING: 评论页请求被ban，程序继续运行
2024-08-20 22:48:13,961 - 23616-MainThread - D:\bongbong sese\干活\玲玲\电玩城\大众点评\dianping_spider-master\function\review.py[line:37] - WARNING: 评论页请求被ban，程序继续运行
2024-08-20 22:48:26,703 - 23616-MainThread - D:\bongbong sese\干活\玲玲\电玩城\大众点评\dianping_spider-master\function\review.py[line:37] - WARNING: 评论页请求被ban，程序继续运行
2024-08-20 22:48:40,486 - 23616-MainThread - D:\bongbong sese\干活\玲玲\电玩城\大众点评\dianping_spider-master\function\review.py[line:37] - WARNING: 评论页请求被ban，程序继续运行
2024-08-20 22:48:48,879 - 23616-MainThread - D:\bongbong sese\干活\玲玲\电玩城\大众点评\dianping_spider-master\function\review.py[line:37] - WARNING: 评论页请求被ban，程序继续运行
2024-08-20 22:49:05,549 - 23616-MainThread - D:\bongbong sese\干活\玲玲\电玩城\大众点评\dianping_spider-master\function\review.py[line:37] - WARNING: 评论页请求被ban，程序继续运行
2024-08-20 22:49:13,726 - 23616-MainThread - D:\bongbong sese\干活\玲玲\电玩城\大众点评\dianping_spider-master\function\review.py[line:37] - WARNING: 评论页请求被ban，程序继续运行
2024-08-20 22:49:22,352 - 23616-MainThread - D:\bongbong sese\干活\玲玲\电玩城\大众点评\dianping_spider-master\function\review.py[line:37] - WARNING: 评论页请求被ban，程序继续运行
2024-08-20 22:49:36,070 - 23616-MainThread - D:\bongbong sese\干活\玲玲\电玩城\大众点评\dianping_spider-master\function\review.py[line:37] - WARNING: 评论页请求被ban，程序继续运行
2024-08-20 23:25:59,027 - 38168-MainThread - D:\bongbong sese\干活\玲玲\电玩城\大众点评\dianping_spider-master\utils\spider_config.py[line:88] - WARNING: 开启了评论详情模式，会降低速度并增加反爬概率
2024-08-21 00:26:40,467 - 37876-MainThread - D:\bongbong sese\干活\玲玲\电玩城\大众点评\dianping_spider-master\utils\spider_config.py[line:88] - WARNING: 开启了评论详情模式，会降低速度并增加反爬概率
2024-08-21 00:35:13,035 - 37876-MainThread - D:\bongbong sese\干活\玲玲\电玩城\大众点评\dianping_spider-master\utils\get_font_map.py[line:360] - WARNING: cookie失效或者被限制访问，更新cookie或登录大众点评滑动验证
2024-08-21 00:37:41,213 - 15776-MainThread - D:\bongbong sese\干活\玲玲\电玩城\大众点评\dianping_spider-master\utils\spider_config.py[line:88] - WARNING: 开启了评论详情模式，会降低速度并增加反爬概率
2024-08-21 00:39:31,269 - 6836-MainThread - D:\bongbong sese\干活\玲玲\电玩城\大众点评\dianping_spider-master\utils\spider_config.py[line:88] - WARNING: 开启了评论详情模式，会降低速度并增加反爬概率
2024-08-21 00:40:34,495 - 6836-MainThread - D:\bongbong sese\干活\玲玲\电玩城\大众点评\dianping_spider-master\utils\get_font_map.py[line:360] - WARNING: cookie失效或者被限制访问，更新cookie或登录大众点评滑动验证
2024-08-21 00:41:18,601 - 29716-MainThread - D:\bongbong sese\干活\玲玲\电玩城\大众点评\dianping_spider-master\utils\spider_config.py[line:88] - WARNING: 开启了评论详情模式，会降低速度并增加反爬概率
2024-08-21 00:50:49,924 - 30620-MainThread - D:\bongbong sese\干活\玲玲\电玩城\大众点评\dianping_spider-master\utils\spider_config.py[line:88] - WARNING: 开启了评论详情模式，会降低速度并增加反爬概率
2024-08-21 01:02:56,989 - 2720-MainThread - D:\bongbong sese\干活\玲玲\电玩城\大众点评\dianping_spider-master\utils\spider_config.py[line:88] - WARNING: 开启了评论详情模式，会降低速度并增加反爬概率
2024-08-21 01:05:44,285 - 34180-MainThread - D:\bongbong sese\干活\玲玲\电玩城\大众点评\dianping_spider-master\utils\spider_config.py[line:88] - WARNING: 开启了评论详情模式，会降低速度并增加反爬概率
2024-08-21 01:06:49,987 - 38736-MainThread - D:\bongbong sese\干活\玲玲\电玩城\大众点评\dianping_spider-master\utils\spider_config.py[line:88] - WARNING: 开启了评论详情模式，会降低速度并增加反爬概率
2024-08-21 01:10:16,964 - 27780-MainThread - D:\bongbong sese\干活\玲玲\电玩城\大众点评\dianping_spider-master\utils\spider_config.py[line:88] - WARNING: 开启了评论详情模式，会降低速度并增加反爬概率
2024-08-21 01:12:31,695 - 39112-MainThread - D:\bongbong sese\干活\玲玲\电玩城\大众点评\dianping_spider-master\utils\spider_config.py[line:88] - WARNING: 开启了评论详情模式，会降低速度并增加反爬概率
2024-08-21 01:19:34,939 - 38004-MainThread - D:\bongbong sese\干活\玲玲\电玩城\大众点评\dianping_spider-master\utils\spider_config.py[line:88] - WARNING: 开启了评论详情模式，会降低速度并增加反爬概率
2024-08-21 01:23:42,370 - 33796-MainThread - D:\bongbong sese\干活\玲玲\电玩城\大众点评\dianping_spider-master\utils\spider_config.py[line:88] - WARNING: 开启了评论详情模式，会降低速度并增加反爬概率
2024-08-21 01:27:53,386 - 3096-MainThread - D:\bongbong sese\干活\玲玲\电玩城\大众点评\dianping_spider-master\utils\spider_config.py[line:88] - WARNING: 开启了评论详情模式，会降低速度并增加反爬概率
2024-08-21 01:43:04,047 - 40700-MainThread - D:\bongbong sese\干活\玲玲\电玩城\大众点评\dianping_spider-master\utils\spider_config.py[line:88] - WARNING: 开启了评论详情模式，会降低速度并增加反爬概率
2024-08-21 09:48:07,247 - 36868-MainThread - D:\bongbong sese\干活\玲玲\电玩城\大众点评\dianping_spider-master\utils\spider_config.py[line:88] - WARNING: 开启了评论详情模式，会降低速度并增加反爬概率
2024-08-21 09:49:54,169 - 26716-MainThread - D:\bongbong sese\干活\玲玲\电玩城\大众点评\dianping_spider-master\utils\spider_config.py[line:88] - WARNING: 开启了评论详情模式，会降低速度并增加反爬概率
2024-08-21 09:53:17,392 - 28984-MainThread - D:\bongbong sese\干活\玲玲\电玩城\大众点评\dianping_spider-master\utils\spider_config.py[line:88] - WARNING: 开启了评论详情模式，会降低速度并增加反爬概率
2024-08-21 09:59:31,682 - 28984-MainThread - D:\bongbong sese\干活\玲玲\电玩城\大众点评\dianping_spider-master\function\review.py[line:37] - WARNING: 评论页请求被ban，程序继续运行
2024-08-21 09:59:43,341 - 28984-MainThread - D:\bongbong sese\干活\玲玲\电玩城\大众点评\dianping_spider-master\function\review.py[line:37] - WARNING: 评论页请求被ban，程序继续运行
2024-08-21 10:00:00,545 - 28984-MainThread - D:\bongbong sese\干活\玲玲\电玩城\大众点评\dianping_spider-master\function\review.py[line:37] - WARNING: 评论页请求被ban，程序继续运行
2024-08-21 10:00:08,515 - 28984-MainThread - D:\bongbong sese\干活\玲玲\电玩城\大众点评\dianping_spider-master\function\review.py[line:37] - WARNING: 评论页请求被ban，程序继续运行
2024-08-21 10:12:10,622 - 38632-MainThread - D:\bongbong sese\干活\玲玲\电玩城\大众点评\dianping_spider-master\utils\spider_config.py[line:88] - WARNING: 开启了评论详情模式，会降低速度并增加反爬概率
2024-08-21 10:12:10,698 - 38632-MainThread - D:\bongbong sese\干活\玲玲\电玩城\大众点评\dianping_spider-master\utils\requests_utils.py[line:55] - INFO: 使用cookie池
2024-08-21 10:12:27,068 - 40060-MainThread - D:\bongbong sese\干活\玲玲\电玩城\大众点评\dianping_spider-master\utils\spider_config.py[line:88] - WARNING: 开启了评论详情模式，会降低速度并增加反爬概率
2024-08-21 10:12:27,141 - 40060-MainThread - D:\bongbong sese\干活\玲玲\电玩城\大众点评\dianping_spider-master\utils\requests_utils.py[line:55] - INFO: 使用cookie池
2024-08-21 10:14:48,413 - 29432-MainThread - D:\bongbong sese\干活\玲玲\电玩城\大众点评\dianping_spider-master\utils\spider_config.py[line:88] - WARNING: 开启了评论详情模式，会降低速度并增加反爬概率
2024-08-21 10:14:48,491 - 29432-MainThread - D:\bongbong sese\干活\玲玲\电玩城\大众点评\dianping_spider-master\utils\requests_utils.py[line:55] - INFO: 使用cookie池
2024-08-21 10:17:35,224 - 33060-MainThread - D:\bongbong sese\干活\玲玲\电玩城\大众点评\dianping_spider-master\utils\spider_config.py[line:88] - WARNING: 开启了评论详情模式，会降低速度并增加反爬概率
2024-08-21 10:17:35,294 - 33060-MainThread - D:\bongbong sese\干活\玲玲\电玩城\大众点评\dianping_spider-master\utils\requests_utils.py[line:55] - INFO: 使用cookie池
2024-08-21 10:23:34,519 - 18032-MainThread - D:\bongbong sese\干活\玲玲\电玩城\大众点评\dianping_spider-master\utils\spider_config.py[line:88] - WARNING: 开启了评论详情模式，会降低速度并增加反爬概率
2024-08-21 10:23:34,595 - 18032-MainThread - D:\bongbong sese\干活\玲玲\电玩城\大众点评\dianping_spider-master\utils\requests_utils.py[line:55] - INFO: 使用cookie池
2024-08-21 10:24:55,283 - 40664-MainThread - D:\bongbong sese\干活\玲玲\电玩城\大众点评\dianping_spider-master\utils\spider_config.py[line:88] - WARNING: 开启了评论详情模式，会降低速度并增加反爬概率
2024-08-21 10:24:55,358 - 40664-MainThread - D:\bongbong sese\干活\玲玲\电玩城\大众点评\dianping_spider-master\utils\requests_utils.py[line:55] - INFO: 使用cookie池
2024-08-21 10:26:29,230 - 14996-MainThread - D:\bongbong sese\干活\玲玲\电玩城\大众点评\dianping_spider-master\utils\spider_config.py[line:88] - WARNING: 开启了评论详情模式，会降低速度并增加反爬概率
2024-08-21 10:26:29,309 - 14996-MainThread - D:\bongbong sese\干活\玲玲\电玩城\大众点评\dianping_spider-master\utils\requests_utils.py[line:55] - INFO: 使用cookie池
2024-08-21 10:31:10,642 - 14996-MainThread - D:\bongbong sese\干活\玲玲\电玩城\大众点评\dianping_spider-master\utils\requests_utils.py[line:252] - INFO: 所有cookie均已失效，替换（替换后等待一段时间会自动继续）或等待解封
2024-08-21 10:32:33,223 - 42140-MainThread - D:\bongbong sese\干活\玲玲\电玩城\大众点评\dianping_spider-master\utils\spider_config.py[line:88] - WARNING: 开启了评论详情模式，会降低速度并增加反爬概率
2024-08-21 10:32:41,632 - 42140-MainThread - D:\bongbong sese\干活\玲玲\电玩城\大众点评\dianping_spider-master\function\review.py[line:37] - WARNING: 评论页请求被ban，程序继续运行
2024-08-21 10:32:54,585 - 42140-MainThread - D:\bongbong sese\干活\玲玲\电玩城\大众点评\dianping_spider-master\function\review.py[line:37] - WARNING: 评论页请求被ban，程序继续运行
2024-08-21 10:34:06,318 - 41540-MainThread - D:\bongbong sese\干活\玲玲\电玩城\大众点评\dianping_spider-master\utils\spider_config.py[line:88] - WARNING: 开启了评论详情模式，会降低速度并增加反爬概率
2024-08-21 10:34:09,555 - 41540-MainThread - D:\bongbong sese\干活\玲玲\电玩城\大众点评\dianping_spider-master\function\search.py[line:45] - WARNING: 搜索页请求被ban，程序终止
2024-08-21 10:36:20,333 - 7948-MainThread - D:\bongbong sese\干活\玲玲\电玩城\大众点评\dianping_spider-master\utils\spider_config.py[line:88] - WARNING: 开启了评论详情模式，会降低速度并增加反爬概率
2024-08-21 10:38:18,841 - 7948-MainThread - D:\bongbong sese\干活\玲玲\电玩城\大众点评\dianping_spider-master\utils\get_font_map.py[line:360] - WARNING: cookie失效或者被限制访问，更新cookie或登录大众点评滑动验证
2024-08-21 11:00:54,781 - 36076-MainThread - D:\bongbong sese\干活\玲玲\电玩城\大众点评\dianping_spider-master\utils\spider_config.py[line:88] - WARNING: 开启了评论详情模式，会降低速度并增加反爬概率
2024-08-21 11:02:59,049 - 36928-MainThread - D:\bongbong sese\干活\玲玲\电玩城\大众点评\dianping_spider-master\utils\spider_config.py[line:88] - WARNING: 开启了评论详情模式，会降低速度并增加反爬概率
2024-08-21 11:08:49,530 - 36928-MainThread - D:\bongbong sese\干活\玲玲\电玩城\大众点评\dianping_spider-master\function\review.py[line:37] - WARNING: 评论页请求被ban，程序继续运行
2024-08-21 11:08:58,070 - 36928-MainThread - D:\bongbong sese\干活\玲玲\电玩城\大众点评\dianping_spider-master\function\review.py[line:37] - WARNING: 评论页请求被ban，程序继续运行
2024-08-21 11:09:06,670 - 36928-MainThread - D:\bongbong sese\干活\玲玲\电玩城\大众点评\dianping_spider-master\function\review.py[line:37] - WARNING: 评论页请求被ban，程序继续运行
2024-08-21 11:14:10,426 - 42992-MainThread - D:\bongbong sese\干活\玲玲\电玩城\大众点评\dianping_spider-master\utils\spider_config.py[line:88] - WARNING: 开启了评论详情模式，会降低速度并增加反爬概率
2024-08-21 11:41:30,558 - 42992-MainThread - D:\bongbong sese\干活\玲玲\电玩城\大众点评\dianping_spider-master\function\review.py[line:37] - WARNING: 评论页请求被ban，程序继续运行
2024-08-21 11:41:47,431 - 42992-MainThread - D:\bongbong sese\干活\玲玲\电玩城\大众点评\dianping_spider-master\function\review.py[line:37] - WARNING: 评论页请求被ban，程序继续运行
2024-08-21 11:42:09,199 - 42992-MainThread - D:\bongbong sese\干活\玲玲\电玩城\大众点评\dianping_spider-master\function\review.py[line:37] - WARNING: 评论页请求被ban，程序继续运行
2024-08-21 11:44:34,683 - 36156-MainThread - D:\bongbong sese\干活\玲玲\电玩城\大众点评\dianping_spider-master\utils\spider_config.py[line:88] - WARNING: 开启了评论详情模式，会降低速度并增加反爬概率
2024-08-21 11:50:48,963 - 36156-MainThread - D:\bongbong sese\干活\玲玲\电玩城\大众点评\dianping_spider-master\function\review.py[line:37] - WARNING: 评论页请求被ban，程序继续运行
2024-08-21 11:50:57,533 - 36156-MainThread - D:\bongbong sese\干活\玲玲\电玩城\大众点评\dianping_spider-master\function\review.py[line:37] - WARNING: 评论页请求被ban，程序继续运行
2024-08-21 13:08:14,988 - 37448-MainThread - D:\bongbong sese\干活\玲玲\电玩城\大众点评\dianping_spider-master\utils\spider_config.py[line:88] - WARNING: 开启了评论详情模式，会降低速度并增加反爬概率
2024-08-21 13:17:48,050 - 36564-MainThread - D:\bongbong sese\干活\玲玲\电玩城\大众点评\dianping_spider-master\utils\spider_config.py[line:88] - WARNING: 开启了评论详情模式，会降低速度并增加反爬概率
2024-08-21 13:19:01,083 - 25448-MainThread - D:\bongbong sese\干活\玲玲\电玩城\大众点评\dianping_spider-master\utils\spider_config.py[line:88] - WARNING: 开启了评论详情模式，会降低速度并增加反爬概率
2024-08-21 13:19:02,084 - 1944-MainThread - D:\bongbong sese\干活\玲玲\电玩城\大众点评\dianping_spider-master\utils\spider_config.py[line:88] - WARNING: 开启了评论详情模式，会降低速度并增加反爬概率
2024-08-21 13:21:04,346 - 40296-MainThread - D:\bongbong sese\干活\玲玲\电玩城\大众点评\dianping_spider-master\utils\spider_config.py[line:88] - WARNING: 开启了评论详情模式，会降低速度并增加反爬概率
2024-08-21 13:22:10,309 - 43384-MainThread - D:\bongbong sese\干活\玲玲\电玩城\大众点评\dianping_spider-master\utils\spider_config.py[line:88] - WARNING: 开启了评论详情模式，会降低速度并增加反爬概率
2024-08-21 13:22:44,134 - 18852-MainThread - D:\bongbong sese\干活\玲玲\电玩城\大众点评\dianping_spider-master\utils\spider_config.py[line:88] - WARNING: 开启了评论详情模式，会降低速度并增加反爬概率
2024-08-21 13:24:30,387 - 15136-MainThread - D:\bongbong sese\干活\玲玲\电玩城\大众点评\dianping_spider-master\utils\spider_config.py[line:88] - WARNING: 开启了评论详情模式，会降低速度并增加反爬概率
2024-08-21 13:30:05,886 - 15136-MainThread - D:\bongbong sese\干活\玲玲\电玩城\大众点评\dianping_spider-master\function\search.py[line:45] - WARNING: 搜索页请求被ban，程序终止
2024-08-21 13:33:45,325 - 35320-MainThread - D:\bongbong sese\干活\玲玲\电玩城\大众点评\dianping_spider-master\utils\spider_config.py[line:88] - WARNING: 开启了评论详情模式，会降低速度并增加反爬概率
2024-08-21 13:34:43,314 - 35320-MainThread - D:\bongbong sese\干活\玲玲\电玩城\大众点评\dianping_spider-master\utils\get_font_map.py[line:360] - WARNING: cookie失效或者被限制访问，更新cookie或登录大众点评滑动验证
2024-08-21 13:36:31,064 - 15136-MainThread - D:\bongbong sese\干活\玲玲\电玩城\大众点评\dianping_spider-master\utils\spider_config.py[line:88] - WARNING: 开启了评论详情模式，会降低速度并增加反爬概率
2024-08-21 13:38:44,234 - 42616-MainThread - D:\bongbong sese\干活\玲玲\电玩城\大众点评\dianping_spider-master\utils\spider_config.py[line:88] - WARNING: 开启了评论详情模式，会降低速度并增加反爬概率
2024-08-21 13:39:06,503 - 2872-MainThread - D:\bongbong sese\干活\玲玲\电玩城\大众点评\dianping_spider-master\utils\spider_config.py[line:88] - WARNING: 开启了评论详情模式，会降低速度并增加反爬概率
2024-08-21 13:39:40,136 - 23132-MainThread - D:\bongbong sese\干活\玲玲\电玩城\大众点评\dianping_spider-master\utils\spider_config.py[line:88] - WARNING: 开启了评论详情模式，会降低速度并增加反爬概率
2024-08-21 13:41:50,810 - 23132-MainThread - D:\bongbong sese\干活\玲玲\电玩城\大众点评\dianping_spider-master\function\review.py[line:37] - WARNING: 评论页请求被ban，程序继续运行
2024-08-21 13:42:07,033 - 23132-MainThread - D:\bongbong sese\干活\玲玲\电玩城\大众点评\dianping_spider-master\function\review.py[line:37] - WARNING: 评论页请求被ban，程序继续运行
2024-08-21 13:45:13,569 - 24336-MainThread - D:\bongbong sese\干活\玲玲\电玩城\大众点评\dianping_spider-master\utils\spider_config.py[line:88] - WARNING: 开启了评论详情模式，会降低速度并增加反爬概率
2024-08-21 13:46:08,478 - 30968-MainThread - D:\bongbong sese\干活\玲玲\电玩城\大众点评\dianping_spider-master\utils\spider_config.py[line:88] - WARNING: 开启了评论详情模式，会降低速度并增加反爬概率
2024-08-21 13:51:44,161 - 30968-MainThread - D:\bongbong sese\干活\玲玲\电玩城\大众点评\dianping_spider-master\function\review.py[line:37] - WARNING: 评论页请求被ban，程序继续运行
2024-08-21 13:52:06,748 - 30968-MainThread - D:\bongbong sese\干活\玲玲\电玩城\大众点评\dianping_spider-master\function\review.py[line:37] - WARNING: 评论页请求被ban，程序继续运行
2024-08-21 13:54:25,840 - 43076-MainThread - D:\bongbong sese\干活\玲玲\电玩城\大众点评\dianping_spider-master\utils\spider_config.py[line:88] - WARNING: 开启了评论详情模式，会降低速度并增加反爬概率
2024-08-21 13:58:04,793 - 43076-MainThread - D:\bongbong sese\干活\玲玲\电玩城\大众点评\dianping_spider-master\function\search.py[line:45] - WARNING: 搜索页请求被ban，程序终止
2024-08-24 22:48:12,551 - 29896-MainThread - D:\bongbong sese\干活\玲玲\电玩城\大众点评\dianping_spider-master\utils\spider_config.py[line:88] - WARNING: 开启了评论详情模式，会降低速度并增加反爬概率
2024-08-24 22:48:12,725 - 29896-MainThread - D:\bongbong sese\干活\玲玲\电玩城\大众点评\dianping_spider-master\main.py[line:69] - INFO: 爬取店铺id：k30YbaScPKFS0hfP评论
2024-08-24 22:48:24,589 - 31384-MainThread - D:\bongbong sese\干活\玲玲\电玩城\大众点评\dianping_spider-master\utils\spider_config.py[line:88] - WARNING: 开启了评论详情模式，会降低速度并增加反爬概率
2024-08-24 22:48:33,792 - 31384-MainThread - D:\bongbong sese\干活\玲玲\电玩城\大众点评\dianping_spider-master\function\review.py[line:37] - WARNING: 评论页请求被ban，程序继续运行
2024-08-24 22:56:25,822 - 27948-MainThread - D:\bongbong sese\干活\玲玲\电玩城\大众点评\dianping_spider-master\utils\spider_config.py[line:88] - WARNING: 开启了评论详情模式，会降低速度并增加反爬概率
2024-08-24 22:56:34,943 - 27948-MainThread - D:\bongbong sese\干活\玲玲\电玩城\大众点评\dianping_spider-master\function\review.py[line:37] - WARNING: 评论页请求被ban，程序继续运行
2024-08-24 22:57:39,016 - 25952-MainThread - D:\bongbong sese\干活\玲玲\电玩城\大众点评\dianping_spider-master\utils\spider_config.py[line:88] - WARNING: 开启了评论详情模式，会降低速度并增加反爬概率
2024-08-24 22:57:47,605 - 25952-MainThread - D:\bongbong sese\干活\玲玲\电玩城\大众点评\dianping_spider-master\function\review.py[line:37] - WARNING: 评论页请求被ban，程序继续运行
2024-08-24 22:58:00,744 - 25952-MainThread - D:\bongbong sese\干活\玲玲\电玩城\大众点评\dianping_spider-master\function\review.py[line:37] - WARNING: 评论页请求被ban，程序继续运行
2024-08-24 22:58:29,809 - 25952-MainThread - D:\bongbong sese\干活\玲玲\电玩城\大众点评\dianping_spider-master\function\review.py[line:37] - WARNING: 评论页请求被ban，程序继续运行
2024-08-24 22:58:40,896 - 25952-MainThread - D:\bongbong sese\干活\玲玲\电玩城\大众点评\dianping_spider-master\function\review.py[line:37] - WARNING: 评论页请求被ban，程序继续运行
2024-08-24 23:01:55,679 - 28120-MainThread - D:\bongbong sese\干活\玲玲\电玩城\大众点评\dianping_spider-master\utils\spider_config.py[line:88] - WARNING: 开启了评论详情模式，会降低速度并增加反爬概率
2024-08-24 23:03:34,886 - 29212-MainThread - D:\bongbong sese\干活\玲玲\电玩城\大众点评\dianping_spider-master\utils\spider_config.py[line:88] - WARNING: 开启了评论详情模式，会降低速度并增加反爬概率
2024-08-24 23:03:43,372 - 29212-MainThread - D:\bongbong sese\干活\玲玲\电玩城\大众点评\dianping_spider-master\function\review.py[line:37] - WARNING: 评论页请求被ban，程序继续运行
2024-08-24 23:05:15,413 - 25020-MainThread - D:\bongbong sese\干活\玲玲\电玩城\大众点评\dianping_spider-master\utils\spider_config.py[line:88] - WARNING: 开启了评论详情模式，会降低速度并增加反爬概率
2024-08-24 23:05:25,332 - 25020-MainThread - D:\bongbong sese\干活\玲玲\电玩城\大众点评\dianping_spider-master\function\review.py[line:37] - WARNING: 评论页请求被ban，程序继续运行
2024-08-24 23:19:21,215 - 26212-MainThread - D:\bongbong sese\干活\玲玲\电玩城\大众点评\dianping_spider-master\utils\spider_config.py[line:88] - WARNING: 开启了评论详情模式，会降低速度并增加反爬概率
2024-08-24 23:22:15,687 - 16304-MainThread - D:\bongbong sese\干活\玲玲\电玩城\大众点评\dianping_spider-master\utils\spider_config.py[line:88] - WARNING: 开启了评论详情模式，会降低速度并增加反爬概率
2024-08-24 23:23:36,489 - 16304-MainThread - D:\bongbong sese\干活\玲玲\电玩城\大众点评\dianping_spider-master\utils\get_font_map.py[line:360] - WARNING: cookie失效或者被限制访问，更新cookie或登录大众点评滑动验证
2024-08-24 23:25:01,978 - 26508-MainThread - D:\bongbong sese\干活\玲玲\电玩城\大众点评\dianping_spider-master\utils\spider_config.py[line:88] - WARNING: 开启了评论详情模式，会降低速度并增加反爬概率
2024-08-24 23:28:39,080 - 26508-MainThread - D:\bongbong sese\干活\玲玲\电玩城\大众点评\dianping_spider-master\function\review.py[line:37] - WARNING: 评论页请求被ban，程序继续运行
2024-08-24 23:28:53,344 - 26508-MainThread - D:\bongbong sese\干活\玲玲\电玩城\大众点评\dianping_spider-master\function\review.py[line:37] - WARNING: 评论页请求被ban，程序继续运行
2024-08-24 23:29:14,384 - 26508-MainThread - D:\bongbong sese\干活\玲玲\电玩城\大众点评\dianping_spider-master\function\review.py[line:37] - WARNING: 评论页请求被ban，程序继续运行
2024-08-24 23:29:30,092 - 26508-MainThread - D:\bongbong sese\干活\玲玲\电玩城\大众点评\dianping_spider-master\function\review.py[line:37] - WARNING: 评论页请求被ban，程序继续运行
2024-08-24 23:30:01,581 - 26508-MainThread - D:\bongbong sese\干活\玲玲\电玩城\大众点评\dianping_spider-master\function\review.py[line:37] - WARNING: 评论页请求被ban，程序继续运行
2024-08-24 23:32:11,921 - 9252-MainThread - D:\bongbong sese\干活\玲玲\电玩城\大众点评\dianping_spider-master\utils\spider_config.py[line:88] - WARNING: 开启了评论详情模式，会降低速度并增加反爬概率
2024-08-24 23:33:19,131 - 29484-MainThread - D:\bongbong sese\干活\玲玲\电玩城\大众点评\dianping_spider-master\utils\spider_config.py[line:88] - WARNING: 开启了评论详情模式，会降低速度并增加反爬概率
2024-08-24 23:48:34,797 - 21372-MainThread - D:\bongbong sese\干活\玲玲\电玩城\大众点评\dianping_spider-master\utils\spider_config.py[line:88] - WARNING: 开启了评论详情模式，会降低速度并增加反爬概率
2024-08-25 00:06:22,277 - 30584-MainThread - D:\bongbong sese\干活\玲玲\电玩城\大众点评\dianping_spider-master\utils\spider_config.py[line:79] - WARNING: 开启了电话详情模式，会降低速度并增加反爬概率
2024-08-25 00:07:03,497 - 28216-MainThread - D:\bongbong sese\干活\玲玲\电玩城\大众点评\dianping_spider-master\utils\spider_config.py[line:79] - WARNING: 开启了电话详情模式，会降低速度并增加反爬概率
2024-08-25 00:07:10,309 - 28216-MainThread - D:\bongbong sese\干活\玲玲\电玩城\大众点评\dianping_spider-master\.venv\Lib\site-packages\fontTools\ttLib\tables\_p_o_s_t.py[line:296] - WARNING: 2 extra bytes in post.stringData array
2024-08-25 00:07:11,272 - 28216-MainThread - D:\bongbong sese\干活\玲玲\电玩城\大众点评\dianping_spider-master\.venv\Lib\site-packages\fontTools\ttLib\tables\_p_o_s_t.py[line:296] - WARNING: 2 extra bytes in post.stringData array
2024-08-25 00:07:12,147 - 28216-MainThread - D:\bongbong sese\干活\玲玲\电玩城\大众点评\dianping_spider-master\.venv\Lib\site-packages\fontTools\ttLib\tables\_p_o_s_t.py[line:296] - WARNING: 2 extra bytes in post.stringData array
2024-08-25 00:18:46,433 - 28216-MainThread - D:\bongbong sese\干活\玲玲\电玩城\大众点评\dianping_spider-master\function\detail.py[line:58] - WARNING: 详情页请求被ban，程序继续运行
2024-08-25 00:19:09,230 - 28216-MainThread - D:\bongbong sese\干活\玲玲\电玩城\大众点评\dianping_spider-master\function\detail.py[line:58] - WARNING: 详情页请求被ban，程序继续运行
2024-08-25 00:19:37,001 - 28216-MainThread - D:\bongbong sese\干活\玲玲\电玩城\大众点评\dianping_spider-master\function\detail.py[line:58] - WARNING: 详情页请求被ban，程序继续运行
2024-08-25 00:19:59,543 - 28216-MainThread - D:\bongbong sese\干活\玲玲\电玩城\大众点评\dianping_spider-master\function\detail.py[line:58] - WARNING: 详情页请求被ban，程序继续运行
2024-08-25 00:20:27,056 - 28216-MainThread - D:\bongbong sese\干活\玲玲\电玩城\大众点评\dianping_spider-master\function\detail.py[line:58] - WARNING: 详情页请求被ban，程序继续运行
2024-08-25 00:21:00,782 - 28216-MainThread - D:\bongbong sese\干活\玲玲\电玩城\大众点评\dianping_spider-master\function\detail.py[line:58] - WARNING: 详情页请求被ban，程序继续运行
